08e75b6b-31ec-4f75-b111-4c572a02bdda rodgersleejg@MH02131978MACLT:/private/tmp/afni_ci_test_data timestamp=1561558879.427711s
1e7f292a-1334-46ac-a370-7a95c043bede rodgersleejg@promethium.nimh.nih.gov:~/afni_ci_test_data timestamp=1576531110.445871647s
1fa735a6-d8fb-4358-82c1-0365200f1883 rodgersleejg@promethium.nimh.nih.gov:/store/data/rodgersleejg/afni/tests/afni_ci_test_data timestamp=1588624079.525227s
33cba634-0e41-4486-9c6f-3e9931af7a50 rodgersleejg@afni:~/afni_ci_test_data timestamp=1587153937.533335s
426b512c-f060-43d6-834d-b018a038b296 afni_user@bcf8dab82991:/opt/afni/src/tests/afni_ci_test_data timestamp=1594993950.090033171s
51b87199-5e6e-44c2-b989-9b2a0f92d19e rmarkello@ross-ubuntu1604:~/gitrepos/afni/tests/afni_ci_test_data timestamp=1559899472.974585s
51b87199-5e6e-44c2-b989-9b2a0f92d19e rodgersleejg@afni:~/temp/afni_ci_test_data timestamp=1560001187.120248s
554bc508-3860-4818-b4c2-a6d71d601d4f rodgersleejg@promethium.nimh.nih.gov:/tmp/afni_ci_test_data timestamp=1587572056.66398s
65a6ed72-b97d-444f-9ce9-e094cdcd9341 rodgersleejg@MH02131978MACLT:~/Downloads/temp/afni_codebase/tests/afni_ci_test_data timestamp=1572546059.506254s
70355d98-94ef-47be-a073-f8fd73d27773 rodgersleejg@MH02131978MACLT:~/Documents/nih/code/afni_codebase/tests/afni_ci_test_data timestamp=1561394563.511973s
84487724-8314-4440-ad5d-dfc79f44cbd3 ptaylor@eomer:~/AFNI/afni/tests/afni_ci_test_data timestamp=1561570628.918886s
870d0222-d84d-4df8-92d0-929505b35a32 root@d071dd81dfff:/opt/afni/tests/afni_ci_test_data timestamp=1576611825.584268148s
8977926e-5ad5-4499-902f-d40c98f25120 rodgersleejg@promethium.nimh.nih.gov:/tmp/afni_ci_test_data timestamp=1587577320.472881s
995aed8e-51c4-4437-b701-61f5208b1b41 rodgersleejg@promethium.nimh.nih.gov:/store/data/rodgersleejg/afni_ci_test_data timestamp=1576534570.856475066s
9ce9cb81-7ce5-45f5-abed-60bdfdb8387c rodgersleejg@MH02131978MACLT:~/Downloads/temp/afni_codebase/tests/afni_ci_test_data timestamp=1576605414.344028s
9d4e5e64-f657-45dd-8522-57da6a188e86 s3 bucket for storing data used for AFNI's continuous integration testing. This needs to be enabled with 'git annex enableremote afnitestdata publicurl=https://afnitestdata-9d4e5e64-f657-45dd-8522-57da6a188e86.s3.amazonaws.com' timestamp=1561642729.791951s
a2abdbf5-cbdb-4e50-a88e-f5f32a551a03 rodgersleejg@afni:~/temp/afni_ci_test_data timestamp=1560001223.993156s
b190dace-5077-4996-9e5b-e61f97d883b7 rodgersleejg@promethium.nimh.nih.gov:/tmp/test8/afni_ci_test_data timestamp=1587584034.25878s
b45c894b-1fd6-4755-8b0b-35fd1000927c rodgersleejg@MH02131978MACLT:~/Documents/nih/code/afni_codebase/tests/afni_ci_test_data timestamp=1559490729.070893s
b63ca06b-cbad-4f68-85e3-4a62b5dd9f23 rodgersleejg@promethium.nimh.nih.gov:/store/data/rodgersleejg/afni_ci_test_data timestamp=1584971796.052727555s
c1ce38d5-c2ef-48c6-a1f2-e207215d0717 AFNI server for storing data for cheap. Not always available and requires ssh key to upload though. timestamp=1561640944.107355s
c1ce38d5-c2ef-48c6-a1f2-e207215d0717 afni_ci_test_data timestamp=1559491237.489454s
c1ce38d5-c2ef-48c6-a1f2-e207215d0717 https://afni.nimh.nih.gov/pub/dist/data/afni_ci_test_data/.git timestamp=1559491233.491538s
d59196e6-1a91-4da3-9c40-b961adf87c58 cloud timestamp=1561589473.324676s
